<?xml version="1.0" encoding="UTF-8"?>
<!-- Generated by org.testng.reporters.JUnitReportReporter -->
<testsuite skipped="0" name="TestNgRunner.myRunner" tests="1" failures="0" timestamp="2020-04-16T20:34:55 IST" time="71.430" errors="0">
  <testcase name="feature" time="71.430" classname="TestNgRunner.myRunner"/>
</testsuite> <!-- TestNgRunner.myRunner -->
