<?xml version="1.0" encoding="UTF-8"?>
<!-- Generated by org.testng.reporters.JUnitReportReporter -->
<testsuite skipped="0" name="PageObject.homePage" tests="1" failures="0" timestamp="2020-10-19T22:47:58 IST" time="57.757" errors="0">
  <testcase name="invokeBrowser" time="57.757" classname="PageObject.homePage"/>
</testsuite> <!-- PageObject.homePage -->
