<?xml version="1.0" encoding="UTF-8"?>
<!-- Generated by org.testng.reporters.JUnitReportReporter -->
<testsuite skipped="0" name="TestCases.TripSelect" tests="4" failures="0" timestamp="2020-10-20T00:21:21 IST" time="87.282" errors="0">
  <testcase name="invokeBrowser" time="60.382" classname="TestCases.TripSelect"/>
  <testcase name="flightSelect" time="14.124" classname="TestCases.TripSelect"/>
  <testcase name="bookTicket" time="3.299" classname="TestCases.TripSelect"/>
  <testcase name="userDetails" time="9.477" classname="TestCases.TripSelect"/>
</testsuite> <!-- TestCases.TripSelect -->
