<?xml version="1.0" encoding="UTF-8"?>
<!-- Generated by org.testng.reporters.JUnitReportReporter -->
<testsuite skipped="0" name="BaseClass.TestBase" tests="1" failures="0" timestamp="2020-10-19T14:19:55 IST" time="34.230" errors="0">
  <testcase name="invokeBrowser" time="34.230" classname="BaseClass.TestBase"/>
</testsuite> <!-- BaseClass.TestBase -->
