<?xml version="1.0" encoding="UTF-8"?>
<!-- Generated by org.testng.reporters.JUnitReportReporter -->
<testsuite skipped="0" hostname="bbldvprathikg" name="Test.day3" tests="1" failures="0" timestamp="2020-01-28T15:56:33 IST" time="0.015" errors="0">
  <testcase name="carLoanWebLogin" time="0.015" classname="Test.day3"/>
</testsuite> <!-- Test.day3 -->
