<?xml version="1.0" encoding="UTF-8"?>
<!-- Generated by org.testng.reporters.JUnitReportReporter -->
<testsuite skipped="1" hostname="bbldvprathikg" name="Test.day2" tests="2" failures="0" timestamp="2020-01-28T15:56:33 IST" time="0.027" errors="0">
  <testcase name="stone" time="0.027" classname="Test.day2"/>
  <testcase name="jump" classname="Test.day2">
    <skipped/>
  </testcase> <!-- jump -->
</testsuite> <!-- Test.day2 -->
