<?xml version="1.0" encoding="UTF-8"?>
<!-- Generated by org.testng.reporters.JUnitReportReporter -->
<testsuite skipped="0" hostname="bbldvprathikg" name="Test.day4" tests="3" failures="0" timestamp="2020-01-28T15:56:33 IST" time="0.045" errors="0">
  <testcase name="homeLoanWebLogin" time="0.020" classname="Test.day4"/>
  <testcase name="ton" time="0.012" classname="Test.day4"/>
  <testcase name="homeLogin" time="0.013" classname="Test.day4"/>
</testsuite> <!-- Test.day4 -->
