<?xml version="1.0" encoding="UTF-8"?>
<!-- Generated by org.testng.reporters.JUnitReportReporter -->
<testsuite skipped="0" hostname="bbldvprathikg" name="LibraryApi.StaticJsonAddBook" tests="1" failures="0" timestamp="2020-03-09T14:45:02 IST" time="10.003" errors="0">
  <testcase name="addBook" time="10.003" classname="LibraryApi.StaticJsonAddBook"/>
</testsuite> <!-- LibraryApi.StaticJsonAddBook -->
