<?xml version="1.0" encoding="UTF-8"?>
<!-- Generated by org.testng.reporters.JUnitReportReporter -->
<testsuite skipped="0" name="REST_API.AddPlace" tests="1" failures="0" timestamp="2020-02-15T11:59:28 IST" time="3.030" errors="0">
  <testcase name="addPlace" time="3.030" classname="REST_API.AddPlace"/>
</testsuite> <!-- REST_API.AddPlace -->
