<?xml version="1.0" encoding="UTF-8"?>
<!-- Generated by org.testng.reporters.JUnitReportReporter -->
<testsuite skipped="0" name="REST_API.DeleteAPI" tests="1" failures="0" timestamp="2020-02-15T12:36:58 IST" time="2.652" errors="0">
  <testcase name="delete" time="2.652" classname="REST_API.DeleteAPI"/>
</testsuite> <!-- REST_API.DeleteAPI -->
