<?xml version="1.0" encoding="UTF-8"?>
<!-- Generated by org.testng.reporters.JUnitReportReporter -->
<testsuite skipped="0" hostname="bbldvprathikg" name="REST_API.nearBySearch" tests="1" failures="0" timestamp="2020-03-05T18:32:20 IST" time="6.555" errors="0">
  <testcase name="search" time="6.555" classname="REST_API.nearBySearch"/>
</testsuite> <!-- REST_API.nearBySearch -->
