<?xml version="1.0" encoding="UTF-8"?>
<!-- Generated by org.testng.reporters.JUnitReportReporter -->
<testsuite skipped="0" hostname="bbldvprathikg" name="REST_API.GetWallet" tests="1" failures="0" timestamp="2020-01-30T16:29:16 IST" time="4.977" errors="0">
  <testcase name="getWallet" time="4.977" classname="REST_API.GetWallet"/>
</testsuite> <!-- REST_API.GetWallet -->
