<?xml version="1.0" encoding="UTF-8"?>
<!-- Generated by org.testng.reporters.JUnitReportReporter -->
<testsuite skipped="0" hostname="bbldvprathikg" name="LibraryApi.AddBook" tests="4" failures="0" timestamp="2020-03-09T13:48:02 IST" time="4.373" errors="0">
  <testcase name="deleteBook" time="0.404" classname="LibraryApi.AddBook"/>
  <testcase name="addBook" time="0.289" classname="LibraryApi.AddBook"/>
  <testcase name="addBook" time="3.320" classname="LibraryApi.AddBook"/>
  <testcase name="addBook" time="0.360" classname="LibraryApi.AddBook"/>
</testsuite> <!-- LibraryApi.AddBook -->
