<?xml version="1.0" encoding="UTF-8"?>
<!-- Generated by org.testng.reporters.JUnitReportReporter -->
<testsuite skipped="0" name="AutomationFramework.TestNGPractice.simple" tests="1" failures="0" timestamp="2020-05-01T13:36:52 IST" time="0.193" errors="0">
  <testcase name="verify" time="0.193" classname="AutomationFramework.TestNGPractice.simple"/>
</testsuite> <!-- AutomationFramework.TestNGPractice.simple -->
