<?xml version="1.0" encoding="UTF-8"?>
<!-- Generated by org.testng.reporters.JUnitReportReporter -->
<testsuite name="TC01_Get_Request" tests="1" failures="0" timestamp="9 Jun 2020 11:41:04 GMT" time="7.641" errors="0">
  <testcase name="getWeatherDetails" time="7.641" classname="TC01_Get_Request"/>
</testsuite> <!-- TC01_Get_Request -->
