<?xml version="1.0" encoding="UTF-8"?>
<!-- Generated by org.testng.reporters.JUnitReportReporter -->
<testsuite name="TC02_Post_Request" tests="1" failures="0" timestamp="10 Jun 2020 05:54:33 GMT" time="5.686" errors="0">
  <testcase name="registartion" time="5.686" classname="TC02_Post_Request"/>
</testsuite> <!-- TC02_Post_Request -->
