<?xml version="1.0" encoding="UTF-8"?>
<!-- Generated by org.testng.reporters.JUnitReportReporter -->
<testsuite skipped="0" hostname="bbldvprathikg" name="testingFiles.Anot2" tests="1" failures="0" timestamp="2020-01-28T18:02:10 IST" time="50.292" errors="0">
  <testcase name="login" time="50.292" classname="testingFiles.Anot2"/>
</testsuite> <!-- testingFiles.Anot2 -->
