<?xml version="1.0" encoding="UTF-8"?>
<!-- Generated by org.testng.reporters.JUnitReportReporter -->
<testsuite skipped="0" name="com.crm.qa.testcases.TaskPageTest" tests="3" failures="0" timestamp="2020-05-07T12:06:01 IST" time="19.692" errors="0">
  <testcase name="verifyTaskPage" time="3.008" classname="com.crm.qa.testcases.TaskPageTest"/>
  <testcase name="createOneTask" time="11.652" classname="com.crm.qa.testcases.TaskPageTest"/>
  <testcase name="veriftTaskCreatePage" time="5.032" classname="com.crm.qa.testcases.TaskPageTest"/>
</testsuite> <!-- com.crm.qa.testcases.TaskPageTest -->
