<?xml version="1.0" encoding="UTF-8"?>
<!-- Generated by org.testng.reporters.JUnitReportReporter -->
<testsuite skipped="0" name="com.crm.qa.base.TestBase" tests="1" failures="0" timestamp="2020-06-05T14:36:51 IST" time="80.546" errors="0">
  <testcase name="invokeBrowser" time="80.546" classname="com.crm.qa.base.TestBase"/>
</testsuite> <!-- com.crm.qa.base.TestBase -->
