<?xml version="1.0" encoding="UTF-8"?>
<!-- Generated by org.testng.reporters.JUnitReportReporter -->
<testsuite skipped="0" name="com.crm.qa.testcases.ContactPageTest" tests="3" failures="0" timestamp="2020-05-07T14:22:01 IST" time="18.826" errors="0">
  <testcase name="contactPagetitle" time="0.176" classname="com.crm.qa.testcases.ContactPageTest"/>
  <testcase name="createContactCheck" time="13.640" classname="com.crm.qa.testcases.ContactPageTest"/>
  <testcase name="verifyContactDetails" time="5.010" classname="com.crm.qa.testcases.ContactPageTest"/>
</testsuite> <!-- com.crm.qa.testcases.ContactPageTest -->
