<?xml version="1.0" encoding="UTF-8"?>
<!-- Generated by org.testng.reporters.JUnitReportReporter -->
<testsuite skipped="0" name="com.crm.qa.testcases.HomePageTest" tests="2" failures="0" timestamp="2020-05-07T12:05:43 IST" time="5.071" errors="0">
  <testcase name="nameCheck" time="0.177" classname="com.crm.qa.testcases.HomePageTest"/>
  <testcase name="createContactCheck" time="4.894" classname="com.crm.qa.testcases.HomePageTest"/>
</testsuite> <!-- com.crm.qa.testcases.HomePageTest -->
