<?xml version="1.0" encoding="UTF-8"?>
<!-- Generated by org.testng.reporters.JUnitReportReporter -->
<testsuite skipped="0" name="com.crm.qa.testcases.LoginPageTest" tests="3" failures="0" timestamp="2020-05-07T12:06:19 IST" time="102.792" errors="0">
  <testcase name="loginCheck" time="102.461" classname="com.crm.qa.testcases.LoginPageTest"/>
  <testcase name="titleCheck" time="0.078" classname="com.crm.qa.testcases.LoginPageTest"/>
  <testcase name="nameCheck" time="0.253" classname="com.crm.qa.testcases.LoginPageTest"/>
</testsuite> <!-- com.crm.qa.testcases.LoginPageTest -->
