<?xml version="1.0" encoding="UTF-8"?>
<!-- Generated by org.testng.reporters.JUnitReportReporter -->
<testsuite skipped="0" name="BaseClass.TestBase" tests="1" failures="0" timestamp="2020-10-30T11:05:35 IST" time="58.946" errors="0">
  <testcase name="invokeBrowser" time="58.946" classname="BaseClass.TestBase"/>
</testsuite> <!-- BaseClass.TestBase -->
