<?xml version="1.0" encoding="UTF-8"?>
<!-- Generated by org.testng.reporters.JUnitReportReporter -->
<testsuite skipped="0" name="PageObject.HotelPage" tests="1" failures="0" timestamp="2020-10-30T15:48:26 IST" time="36.411" errors="0">
  <testcase name="invokeBrowser" time="36.411" classname="PageObject.HotelPage"/>
</testsuite> <!-- PageObject.HotelPage -->
