<?xml version="1.0" encoding="UTF-8"?>
<!-- Generated by org.testng.reporters.JUnitReportReporter -->
<testsuite skipped="0" name="PageObject.homePage" tests="1" failures="0" timestamp="2020-10-30T12:17:23 IST" time="43.554" errors="0">
  <testcase name="invokeBrowser" time="43.554" classname="PageObject.homePage"/>
</testsuite> <!-- PageObject.homePage -->
